C:\C&C++\GENERICLIST\GENERICLIST\DEBUG\TESTGENERIC.OBJ
C:\C&C++\GENERICLIST\GENERICLIST\DEBUG\VC110.PDB
C:\C&C++\GENERICLIST\DEBUG\GENERICLIST.ILK
C:\C&C++\GENERICLIST\DEBUG\GENERICLIST.EXE
C:\C&C++\GENERICLIST\DEBUG\GENERICLIST.PDB
D:\GenericList\GenericList\Debug\TestGeneric.obj
D:\GenericList\GenericList\Debug\cl.command.1.tlog
D:\GenericList\GenericList\Debug\CL.read.1.tlog
D:\GenericList\GenericList\Debug\CL.write.1.tlog
D:\GenericList\GenericList\Debug\link-cvtres.read.1.tlog
D:\GenericList\GenericList\Debug\link-cvtres.write.1.tlog
D:\GenericList\GenericList\Debug\link-rc.read.1.tlog
D:\GenericList\GenericList\Debug\link-rc.write.1.tlog
D:\GenericList\GenericList\Debug\link.7396-cvtres.read.1.tlog
D:\GenericList\GenericList\Debug\link.7396-cvtres.write.1.tlog
D:\GenericList\GenericList\Debug\link.7396-rc.read.1.tlog
D:\GenericList\GenericList\Debug\link.7396-rc.write.1.tlog
D:\GenericList\GenericList\Debug\link.7396.read.1.tlog
D:\GenericList\GenericList\Debug\link.7396.write.1.tlog
D:\GenericList\GenericList\Debug\link.command.1.tlog
D:\GenericList\GenericList\Debug\link.read.1.tlog
D:\GenericList\GenericList\Debug\link.write.1.tlog
D:\GenericList\GenericList\Debug\vc110.idb
D:\GenericList\GenericList\Debug\vc110.pdb
D:\GenericList\Debug\GenericList.pdb
D:\GenericList\Debug\GenericList.exe
D:\GenericList\Debug\GenericList.ilk
