C:\USERS\STUDENT\DESKTOP\GENRICLIST\GENRICLIST\DEBUG\TESTGENERIC.OBJ
C:\USERS\STUDENT\DESKTOP\GENRICLIST\GENRICLIST\DEBUG\VC110.PDB
C:\USERS\STUDENT\DESKTOP\GENRICLIST\DEBUG\GENRICLIST.ILK
C:\USERS\STUDENT\DESKTOP\GENRICLIST\DEBUG\GENRICLIST.EXE
C:\USERS\STUDENT\DESKTOP\GENRICLIST\DEBUG\GENRICLIST.PDB
C:\Users\student\Desktop\GenricList\GenricList\Debug\cl.command.1.tlog
C:\Users\student\Desktop\GenricList\GenricList\Debug\CL.read.1.tlog
C:\Users\student\Desktop\GenricList\GenricList\Debug\CL.write.1.tlog
C:\Users\student\Desktop\GenricList\GenricList\Debug\link-cvtres.read.1.tlog
C:\Users\student\Desktop\GenricList\GenricList\Debug\link-cvtres.write.1.tlog
C:\Users\student\Desktop\GenricList\GenricList\Debug\link-rc.read.1.tlog
C:\Users\student\Desktop\GenricList\GenricList\Debug\link-rc.write.1.tlog
C:\Users\student\Desktop\GenricList\GenricList\Debug\link.command.1.tlog
C:\Users\student\Desktop\GenricList\GenricList\Debug\link.read.1.tlog
C:\Users\student\Desktop\GenricList\GenricList\Debug\link.write.1.tlog
C:\Users\student\Desktop\GenricList\GenricList\Debug\vc110.idb
C:\Users\student\Desktop\GenricList\GenricList\Debug\vc110.pdb
C:\Users\student\Desktop\GenricList\Debug\GenricList.pdb
C:\Users\student\Desktop\GenricList\Debug\GenricList.exe
C:\Users\student\Desktop\GenricList\Debug\GenricList.ilk
